<?xml version="1.0" encoding="UTF-8" ?>
<testsuites>
  <testsuite errors="0" failures="0" hostname="ASUS-Giorgos" id="0" name="HrdyFrameTest" package="core.test" skipped="0" tests="1" time="2.257" timestamp="2016-12-11T03:22:55">
      <properties>
[...]
</properties>

      <testcase classname="core.test.HrdyFrameTest" name="initGLTest" time="0.001" />

      <system-out><![CDATA[log4j: Trying to find [log4j.xml] using context classloader sun.misc.Launcher$AppClassLoader@4c98385c.
log4j: Trying to find [log4j.xml] using sun.misc.Launcher$AppClassLoader@4c98385c class loader.
log4j: Trying to find [log4j.xml] using ClassLoader.getSystemResource().
log4j: Trying to find [log4j.properties] using context classloader sun.misc.Launcher$AppClassLoader@4c98385c.
log4j: Using URL [jar:file:/D:/giorgos/workspace/QVis/lib/JavaGuiDevFramework.jar!/log4j.properties] for automatic log4j configuration.
log4j: Reading configuration from URL jar:file:/D:/giorgos/workspace/QVis/lib/JavaGuiDevFramework.jar!/log4j.properties
log4j: Parsing for [root] with value=[debug, applogfile, stdout].
log4j: Level token is [debug].
log4j: Category root set to DEBUG
log4j: Parsing appender named "applogfile".
log4j: Parsing layout options for "applogfile".
log4j: Setting property [conversionPattern] to [%d [%c] (%F:%L) %-5p - %m%n].
log4j: End of parsing for "applogfile".
log4j: Setting property [maxBackupIndex] to [10].
log4j: Setting property [file] to [PiLibGraphics.log].
log4j: Setting property [maxFileSize] to [1MB].
log4j: setFile called: PiLibGraphics.log, true
log4j: setFile ended
log4j: Parsed "applogfile" options.
log4j: Parsing appender named "stdout".
log4j: Parsing layout options for "stdout".
log4j: Setting property [conversionPattern] to [%d [%c] [%t] (%F:%L) %-5p %c %x - %m%n].
log4j: End of parsing for "stdout".
log4j: Parsed "stdout" options.
log4j: Finished configuring.
2016-12-10 22:22:57,900 [core.QvFrame] [main] (QvFrame.java:40) INFO  core.QvFrame  - Initialized OpenGL Capabilities: Bit-Depth 8
2016-12-10 22:22:57,921 [core.QvFrame] [main] (QvFrame.java:65) INFO  core.QvFrame  - Initialized HrdyFrame with title hrdy display and size 600, 600 at location java.awt.Point[x=0,y=0]
]]></system-out>

      <system-err><![CDATA[]]></system-err>

  </testsuite>
</testsuites>
